2014-03-21 10:19:01 ERROR  : ERROR:  relation "tests_id_seq" does not exist
LINE 2:   FROM tests_id_seq
               ^
2014-03-21 10:19:03 ERROR  : Column not found in pgSet: last_value
2014-03-21 10:19:04 ERROR  : Column not found in pgSet: min_value
2014-03-21 10:19:06 ERROR  : Column not found in pgSet: max_value
2014-03-21 10:19:06 ERROR  : Column not found in pgSet: cache_value
2014-03-21 10:19:07 ERROR  : Column not found in pgSet: increment_by
2014-03-21 10:19:07 ERROR  : Column not found in pgSet: is_cycled
2014-03-21 10:19:07 ERROR  : Column not found in pgSet: is_called
2014-03-21 10:19:07 ERROR  : ERROR:  relation "tests_id_seq" does not exist
LINE 2:   FROM tests_id_seq
               ^
2014-03-21 10:19:08 ERROR  : Column not found in pgSet: last_value
2014-03-21 10:19:09 ERROR  : Column not found in pgSet: min_value
2014-03-21 10:19:10 ERROR  : Column not found in pgSet: max_value
2014-03-21 10:19:10 ERROR  : Column not found in pgSet: cache_value
2014-03-21 10:19:10 ERROR  : Column not found in pgSet: increment_by
2014-03-21 10:19:11 ERROR  : Column not found in pgSet: is_cycled
2014-03-21 10:19:12 ERROR  : Column not found in pgSet: is_called
2014-03-21 10:19:18 ERROR  : ERROR:  sequence "tests_id_seq" does not exist
2014-03-21 10:19:23 ERROR  : ERROR:  sequence "tests_id_seq" does not exist
2014-03-21 10:19:25 ERROR  : ERROR:  relation "users_id_seq" does not exist
LINE 2:   FROM users_id_seq
               ^
2014-03-21 10:19:26 ERROR  : Column not found in pgSet: last_value
2014-03-21 10:19:28 ERROR  : Column not found in pgSet: min_value
2014-03-21 10:19:29 ERROR  : Column not found in pgSet: max_value
2014-03-21 10:19:30 ERROR  : Column not found in pgSet: cache_value
2014-03-21 10:19:30 ERROR  : Column not found in pgSet: increment_by
2014-03-21 10:19:31 ERROR  : Column not found in pgSet: is_cycled
2014-03-21 10:19:31 ERROR  : Column not found in pgSet: is_called
2014-03-21 10:19:31 ERROR  : ERROR:  relation "users_id_seq" does not exist
LINE 2:   FROM users_id_seq
               ^
2014-03-21 10:19:31 ERROR  : Column not found in pgSet: last_value
2014-03-21 10:19:32 ERROR  : Column not found in pgSet: min_value
2014-03-21 10:19:32 ERROR  : Column not found in pgSet: max_value
2014-03-21 10:19:32 ERROR  : Column not found in pgSet: cache_value
2014-03-21 10:19:33 ERROR  : Column not found in pgSet: increment_by
2014-03-21 10:19:33 ERROR  : Column not found in pgSet: is_cycled
2014-03-21 10:19:34 ERROR  : Column not found in pgSet: is_called
2014-03-21 10:19:34 ERROR  : ERROR:  relation "users_id_seq" does not exist
LINE 2:   FROM users_id_seq
               ^
2014-03-21 10:19:34 ERROR  : Column not found in pgSet: last_value
2014-03-21 10:19:36 ERROR  : Column not found in pgSet: min_value
2014-03-21 10:19:36 ERROR  : Column not found in pgSet: max_value
2014-03-21 10:19:36 ERROR  : Column not found in pgSet: cache_value
2014-03-21 10:19:36 ERROR  : Column not found in pgSet: increment_by
2014-03-21 10:19:37 ERROR  : Column not found in pgSet: is_cycled
2014-03-21 10:19:37 ERROR  : Column not found in pgSet: is_called
